

<!DOCTYPE html>
<html>
<head>
<meta charset="UTF-8">
<meta name="viewport" content="width=device-width, initial-scale=1, shrink-to-fit=no">
<title></title>
<link rel="apple-touch-icon" href="https://cdn.jsdelivr.net/gh/extent-framework/extent-github-cdn@b00a2d0486596e73dd7326beacf352c639623a0e/commons/img/logo.png">
<link rel="shortcut icon" href="https://cdn.jsdelivr.net/gh/extent-framework/extent-github-cdn@b00a2d0486596e73dd7326beacf352c639623a0e/commons/img/logo.png">
<link href="https://cdn.jsdelivr.net/gh/extent-framework/extent-github-cdn@ce8b10435bcbae260c334c0d0c6b61d2c19b6168/spark/css/spark-style.css" rel="stylesheet" />
<link href="https://stackpath.bootstrapcdn.com/font-awesome/4.7.0/css/font-awesome.min.css" rel="stylesheet">
<script src="https://cdn.jsdelivr.net/gh/extent-framework/extent-github-cdn@7cc78ce/spark/js/jsontree.js"></script>
<style type="text/css"></style></head><body class="spa bdd-report standard">
  <div class="app">
    <div class="layout">
<div class="header navbar">
<div class="vheader">
<div class="nav-logo">
<a href="#">
<div class="logo" style="background-image: url('https://cdn.jsdelivr.net/gh/extent-framework/extent-github-cdn@b00a2d0486596e73dd7326beacf352c639623a0e/commons/img/logo.png')"></div>
</a>
</div>
<ul class="nav-left">
<li class="search-box">
<a class="search-toggle" href="#">
<i class="search-icon fa fa-search"></i>
<i class="search-icon-close fa fa-close"></i>
</a>
</li>
<li class="search-input"><input id="search-tests" class="form-control" type="text" placeholder="Search..."></li>
</ul>
<ul class="nav-right">
<li class="m-r-10">
<a href="#"><span class="badge badge-primary"></span></a>
</li>
<li class="m-r-10">
<a href="#"><span class="badge badge-primary">Apr 10, 2024 11:10:14 pm</span></a>
</li>
</ul>
</div>
</div><div class="side-nav">
<div class="side-nav-inner">
<ul class="side-nav-menu">
<li class="nav-item dropdown" onclick="toggleView('test-view')">
<a id="nav-test" class="dropdown-toggle" href="#">
<span class="ico"><i class="fa fa-list"></i></span>
</a>
</li>
<li class="nav-item dropdown" onclick="toggleView('exception-view')">
<a id="nav-exception" class="dropdown-toggle" href="#">
<span class="ico"><i class="fa fa-bug"></i></span>
</a>
</li>
<li class="nav-item dropdown" onclick="toggleView('category-view')">
<a id="nav-category" class="dropdown-toggle" href="#">
<span class="ico"><i class="fa fa-tag"></i></span>
</a>
</li>
<li class="nav-item dropdown" onclick="toggleView('dashboard-view')">
<a id="nav-dashboard" class="dropdown-toggle" href="#">
<span class="ico"><i class="fa fa-bar-chart"></i></span>
</a>
</li>
</ul>
</div>
</div>      <div class="vcontainer">
        <div class="main-content">
<div class="test-wrapper row view test-view">
  <div class="test-list">
    <div class="test-list-tools">
<ul class="tools pull-left">
<li><a href="#"><span class="font-size-14">Tests</span></a></li>
</ul>
<ul class="tools text-right">
<li class="dropdown">
<a href="#" class="dropdown-toggle" data-toggle="dropdown"><i class="fa fa-exclamation-circle"></i></a>
<ul id="status-toggle" class="dropdown-menu dropdown-md p-v-0">
<a class="dropdown-item" status="pass" href="#"><span>Pass</span><span class="status success"></span></a>
<a class="dropdown-item" status="fail" href="#"><span>Fail</span><span class="status danger"></span></a>
<div class="dropdown-divider"></div>
<a status="clear" class="dropdown-item" href="#"><span>Clear</span><span class="pull-right"><i class="fa fa-close"></i></span></a>
</ul>
</li>
<li class="dropdown">
<a href="#" class="dropdown-toggle" data-toggle="dropdown"><i class="fa fa-tag"></i></a>
<ul id="tag-toggle" class="dropdown-menu dropdown-md p-v-0">
<a class="dropdown-item" href="#">@regression</a><a class="dropdown-item" href="#">@smoke</a>
</ul>
</li>
</ul>
</div>    <div class="test-list-wrapper scrollable">
      <ul class="test-list-item">
        <li class="test-item"  status="fail" test-id="1"
          author=""
          tag=""
          device="">
          <div class="test-detail">
            <p class="name">Display items name and price in bookshelves page</p>
            <p class="text-sm">
              <span>11:10:15 pm</span> / <span>00:01:54:228</span>
              <span class="badge fail-bg log float-right">Fail</span>
            </p>
          </div>
          <div class="test-contents d-none">
<div class="detail-head">
<div class="p-v-10">
<div class="info">
<h5 class="test-status text-fail">Display items name and price in bookshelves page</h5>
<span class='badge badge-success'>04.10.2024 11:10:15 pm</span>
<span class='badge badge-danger'>04.10.2024 11:12:09 pm</span>
<span class='badge badge-default'>00:01:54:228</span>
&middot; <span class='uri-anchor badge badge-default'>#test-id=1</span>
<span title='Skip to the next failed step' class='badge badge-danger pointer float-right ne ml-1'><i class="fa fa-fast-forward"></i></span>
<span title='Collapse all nodes' class='badge badge-default pointer float-right ct ml-1'><i class="fa fa-compress"></i></span>
<span title='Expand all nodes' class='badge badge-default pointer float-right et'><i class="fa fa-expand"></i></span>
</div>
<div class="m-t-10 m-l-5"></div>
</div>
</div>
<div class="accordion mt-4">
  <div class="card">
    <div class="card-header" role="tab">
      <div class="card-title">
        <div class="node" id="2"><span class="badge log pass-bg mr-2">Pass</span>Validation with invalid input</div>
          <div class="status-avatar float-right mr-4">
            <i class="fa fa-paperclip"></i>
          </div>
      </div>
    </div>
        <div class="collapse">
          <div class="card-body">
              <div class="step pass-bg" title="stepDefinition.checkBookshelf.the_user_is_in_bookshelves_page()">
                <span>Given the user is in Bookshelves page</span>
      <div>
      </div>
              </div>
              <div class="step pass-bg" title="stepDefinition.checkBookshelf.the_user_enters_the_invalid_input_as_search(java.lang.String)">
                <span>When the user enters the invalid input as search "Bwqdvnjibvoiqbvb1232"</span>
      <div>
      </div>
              </div>
              <div class="step pass-bg" title="AFTER">
                <span>stepDefinition.Hooks.addScreenshot(io.cucumber.java.Scenario)</span>
      <div>Validation with invalid input
          <div class="row mb-3"><div class="col-md-3">
<img data-featherlight='../Screenshots/embedded1.png' src="../Screenshots/embedded1.png">
    
    </div></div>
</div>
      <div>
      </div>
              </div>
          </div>
        </div>
  </div>
  <div class="card">
    <div class="card-header" role="tab">
      <div class="card-title">
        <div class="node" id="8"><span class="badge log pass-bg mr-2">Pass</span>Successfull page navigation with valid input</div>
          <div class="status-avatar float-right mr-4">
            <i class="fa fa-paperclip"></i>
          </div>
      </div>
    </div>
        <div class="collapse">
          <div class="card-body">
              <div class="step pass-bg" title="stepDefinition.checkBookshelf.the_user_is_in_bookshelves_page()">
                <span>Given the user is in Bookshelves page</span>
      <div>
      </div>
              </div>
              <div class="step pass-bg" title="stepDefinition.checkBookshelf.the_user_enters_the_input_as_search(java.lang.String)">
                <span>When the user enters the input as search "Bookshelves with price below 15000"</span>
      <div>
      </div>
              </div>
              <div class="step pass-bg" title="AFTER">
                <span>stepDefinition.Hooks.addScreenshot(io.cucumber.java.Scenario)</span>
      <div>Successfull page navigation with valid input
          <div class="row mb-3"><div class="col-md-3">
<img data-featherlight='../Screenshots/embedded2.png' src="../Screenshots/embedded2.png">
    
    </div></div>
</div>
      <div>
      </div>
              </div>
          </div>
        </div>
  </div>
  <div class="card">
    <div class="card-header" role="tab">
      <div class="card-title">
        <div class="node" id="14"><span class="badge log pass-bg mr-2">Pass</span>Handling popups</div>
          <div class="status-avatar float-right mr-4">
            <i class="fa fa-paperclip"></i>
          </div>
      </div>
    </div>
        <div class="collapse">
          <div class="card-body">
              <div class="step pass-bg" title="stepDefinition.checkBookshelf.the_user_is_in_bookshelves_page()">
                <span>Given the user is in Bookshelves page</span>
      <div>
      </div>
              </div>
              <div class="step pass-bg" title="stepDefinition.checkBookshelf.the_user_enters_the_input_as_search(java.lang.String)">
                <span>When the user enters the input as search "Bookshelves with price below 15000"</span>
      <div>
      </div>
              </div>
              <div class="step pass-bg" title="stepDefinition.checkBookshelf.user_close_the_authentication_popup()">
                <span>And user close the authentication popup</span>
      <div>
      </div>
              </div>
              <div class="step pass-bg" title="AFTER">
                <span>stepDefinition.Hooks.addScreenshot(io.cucumber.java.Scenario)</span>
      <div>Handling popups
          <div class="row mb-3"><div class="col-md-3">
<img data-featherlight='../Screenshots/embedded3.png' src="../Screenshots/embedded3.png">
    
    </div></div>
</div>
      <div>
      </div>
              </div>
          </div>
        </div>
  </div>
  <div class="card">
    <div class="card-header" role="tab">
      <div class="card-title">
        <div class="node" id="21"><span class="badge log fail-bg mr-2">Fail</span>Successfull page navigation with valid input</div>
          <div class="status-avatar float-right mr-4">
            <i class="fa fa-paperclip"></i>
          </div>
      </div>
    </div>
        <div class="">
          <div class="card-body">
              <div class="step pass-bg" title="stepDefinition.checkBookshelf.the_user_is_in_bookshelves_page()">
                <span>Given the user is in Bookshelves page</span>
      <div>
      </div>
              </div>
              <div class="step pass-bg" title="stepDefinition.checkBookshelf.the_user_enters_the_input_as_search(java.lang.String)">
                <span>When the user enters the input as search "Bookshelves with price below 15000"</span>
      <div>
      </div>
              </div>
              <div class="step pass-bg" title="stepDefinition.checkBookshelf.user_close_the_authentication_popup()">
                <span>And user close the authentication popup</span>
      <div>
      </div>
              </div>
              <div class="step fail-bg" >
                <span>And user set the catogory</span>
      <div>Step undefined
      </div>
              </div>
              <div class="step skip-bg" title="stepDefinition.checkBookshelf.user_set_price_in_dropdown()">
                <span>And user set price in dropdown</span>
      <div>Step skipped
      </div>
              </div>
              <div class="step pass-bg" title="AFTER">
                <span>stepDefinition.Hooks.addScreenshot(io.cucumber.java.Scenario)</span>
      <div>Successfull page navigation with valid input
          <div class="row mb-3"><div class="col-md-3">
<img data-featherlight='../Screenshots/embedded4.png' src="../Screenshots/embedded4.png">
    
    </div></div>
</div>
      <div>
      </div>
              </div>
          </div>
        </div>
  </div>
  <div class="card">
    <div class="card-header" role="tab">
      <div class="card-title">
        <div class="node" id="30"><span class="badge log fail-bg mr-2">Fail</span>Fetching item name and details</div>
          <div class="status-avatar float-right mr-4">
            <i class="fa fa-paperclip"></i>
          </div>
      </div>
    </div>
        <div class="">
          <div class="card-body">
              <div class="step pass-bg" title="stepDefinition.checkBookshelf.the_user_is_in_bookshelves_page()">
                <span>Given the user is in Bookshelves page</span>
      <div>
      </div>
              </div>
              <div class="step fail-bg" title="stepDefinition.checkBookshelf.the_user_enters_the_input_as_search(java.lang.String)">
                <span>When the user enters the input as search "Bookshelves with price below 15000"</span>
      <div>
        <textarea disabled class="code-block">org.openqa.selenium.TimeoutException: timeout: Timed out receiving message from renderer: 5.000
  (Session info: chrome=120.0.6099.130)
Build info: version: '4.19.1', revision: 'abe0ee07dc'
System info: os.name: 'Windows 11', os.arch: 'amd64', os.version: '10.0', java.version: '17.0.2'
Driver info: org.openqa.selenium.chrome.ChromeDriver
Command: [d5b9b02a6dfd69a541507bff938b3ae5, clickElement {id=26E6C02863F110D16D1D229E51F86C2C_element_25}]
Capabilities {acceptInsecureCerts: false, browserName: chrome, browserVersion: 120.0.6099.130, chrome: {chromedriverVersion: 120.0.6099.109 (3419140ab66..., userDataDir: C:\WINDOWS\SystemTemp\scope...}, fedcm:accounts: true, goog:chromeOptions: {debuggerAddress: localhost:55968}, networkConnectionEnabled: false, pageLoadStrategy: normal, platformName: windows, proxy: Proxy(), se:cdp: ws://localhost:55968/devtoo..., se:cdpVersion: 120.0.6099.130, setWindowRect: true, strictFileInteractability: false, timeouts: {implicit: 0, pageLoad: 300000, script: 30000}, unhandledPromptBehavior: dismiss and notify, webauthn:extension:credBlob: true, webauthn:extension:largeBlob: true, webauthn:extension:minPinLength: true, webauthn:extension:prf: true, webauthn:virtualAuthenticators: true}
Element: [[ChromeDriver: chrome on windows (d5b9b02a6dfd69a541507bff938b3ae5)] -> xpath: //*[@id='search_button']/span]
Session ID: d5b9b02a6dfd69a541507bff938b3ae5
	at java.base/jdk.internal.reflect.NativeConstructorAccessorImpl.newInstance0(Native Method)
	at java.base/jdk.internal.reflect.NativeConstructorAccessorImpl.newInstance(NativeConstructorAccessorImpl.java:77)
	at java.base/jdk.internal.reflect.DelegatingConstructorAccessorImpl.newInstance(DelegatingConstructorAccessorImpl.java:45)
	at java.base/java.lang.reflect.Constructor.newInstanceWithCaller(Constructor.java:499)
	at java.base/java.lang.reflect.Constructor.newInstance(Constructor.java:480)
	at org.openqa.selenium.remote.ErrorCodec.decode(ErrorCodec.java:167)
	at org.openqa.selenium.remote.codec.w3c.W3CHttpResponseCodec.decode(W3CHttpResponseCodec.java:138)
	at org.openqa.selenium.remote.codec.w3c.W3CHttpResponseCodec.decode(W3CHttpResponseCodec.java:50)
	at org.openqa.selenium.remote.HttpCommandExecutor.execute(HttpCommandExecutor.java:190)
	at org.openqa.selenium.remote.service.DriverCommandExecutor.invokeExecute(DriverCommandExecutor.java:216)
	at org.openqa.selenium.remote.service.DriverCommandExecutor.execute(DriverCommandExecutor.java:174)
	at org.openqa.selenium.remote.RemoteWebDriver.execute(RemoteWebDriver.java:518)
	at org.openqa.selenium.remote.RemoteWebElement.execute(RemoteWebElement.java:223)
	at org.openqa.selenium.remote.RemoteWebElement.click(RemoteWebElement.java:76)
	at jdk.internal.reflect.GeneratedMethodAccessor68.invoke(Unknown Source)
	at java.base/jdk.internal.reflect.DelegatingMethodAccessorImpl.invoke(DelegatingMethodAccessorImpl.java:43)
	at java.base/java.lang.reflect.Method.invoke(Method.java:568)
	at org.openqa.selenium.support.pagefactory.internal.LocatingElementHandler.invoke(LocatingElementHandler.java:51)
	at jdk.proxy2/jdk.proxy2.$Proxy56.click(Unknown Source)
	at PageObject.LivingHomePage.clicksearchbtn(LivingHomePage.java:53)
	at stepDefinition.checkBookshelf.the_user_enters_the_input_as_search(checkBookshelf.java:42)
	at ✽.the user enters the input as search "Bookshelves with price below 15000"(file:///C:/Users/2318851/eclipse-workspace/Hackathon_project/./Features/TS_01_Bookshelf.feature:30)
</textarea>
      
      </div>
              </div>
              <div class="step skip-bg" title="stepDefinition.checkBookshelf.user_close_the_authentication_popup()">
                <span>And user close the authentication popup</span>
      <div>Step skipped
      </div>
              </div>
              <div class="step skip-bg" >
                <span>And user set the catogory</span>
      <div>Step skipped
      </div>
              </div>
              <div class="step skip-bg" title="stepDefinition.checkBookshelf.user_set_price_in_dropdown()">
                <span>And user set price in dropdown</span>
      <div>Step skipped
      </div>
              </div>
              <div class="step skip-bg" title="stepDefinition.checkBookshelf.user_get_the_first_three_items_name_and_price_in_console()">
                <span>Then user get the first three items name and price in console</span>
      <div>Step skipped
      </div>
              </div>
              <div class="step pass-bg" title="AFTER">
                <span>stepDefinition.Hooks.addScreenshot(io.cucumber.java.Scenario)</span>
      <div>Fetching item name and details
          <div class="row mb-3"><div class="col-md-3">
<img data-featherlight='../Screenshots/embedded5.png' src="../Screenshots/embedded5.png">
    
    </div></div>
</div>
      <div>
      </div>
              </div>
          </div>
        </div>
  </div>
</div>
          </div>
        </li>
        <li class="test-item"  status="pass" test-id="40"
          author=""
          tag=""
          device="">
          <div class="test-detail">
            <p class="name">Display all headers in any one sub-menu</p>
            <p class="text-sm">
              <span>11:12:09 pm</span> / <span>00:01:10:835</span>
              <span class="badge pass-bg log float-right">Pass</span>
            </p>
          </div>
          <div class="test-contents d-none">
<div class="detail-head">
<div class="p-v-10">
<div class="info">
<h5 class="test-status text-pass">Display all headers in any one sub-menu</h5>
<span class='badge badge-success'>04.10.2024 11:12:09 pm</span>
<span class='badge badge-danger'>04.10.2024 11:13:20 pm</span>
<span class='badge badge-default'>00:01:10:835</span>
&middot; <span class='uri-anchor badge badge-default'>#test-id=40</span>
<span title='Skip to the next failed step' class='badge badge-danger pointer float-right ne ml-1'><i class="fa fa-fast-forward"></i></span>
<span title='Collapse all nodes' class='badge badge-default pointer float-right ct ml-1'><i class="fa fa-compress"></i></span>
<span title='Expand all nodes' class='badge badge-default pointer float-right et'><i class="fa fa-expand"></i></span>
</div>
<div class="m-t-10 m-l-5"></div>
</div>
</div>
<div class="accordion mt-4">
  <div class="card">
    <div class="card-header" role="tab">
      <div class="card-title">
        <div class="node" id="41"><span class="badge log pass-bg mr-2">Pass</span>Validating the presence of Headers</div>
          <div class="status-avatar float-right mr-4">
            <i class="fa fa-paperclip"></i>
          </div>
      </div>
    </div>
        <div class="collapse">
          <div class="card-body">
              <div class="step pass-bg" title="stepDefinition.checkLivingMenu.the_user_scrolls_up_to_header()">
                <span>Given the user scrolls up to Header</span>
      <div>
      </div>
              </div>
              <div class="step pass-bg" title="AFTER">
                <span>stepDefinition.Hooks.addScreenshot(io.cucumber.java.Scenario)</span>
      <div>Validating the presence of Headers
          <div class="row mb-3"><div class="col-md-3">
<img data-featherlight='../Screenshots/embedded6.png' src="../Screenshots/embedded6.png">
    
    </div></div>
</div>
      <div>
      </div>
              </div>
          </div>
        </div>
  </div>
  <div class="card">
    <div class="card-header" role="tab">
      <div class="card-title">
        <div class="node" id="46"><span class="badge log pass-bg mr-2">Pass</span>Validating the sub-Headers</div>
          <div class="status-avatar float-right mr-4">
            <i class="fa fa-paperclip"></i>
          </div>
      </div>
    </div>
        <div class="collapse">
          <div class="card-body">
              <div class="step pass-bg" title="stepDefinition.checkLivingMenu.the_user_clicks_on_living_storage()">
                <span>Then the user clicks on Living storage</span>
      <div>
      </div>
              </div>
              <div class="step pass-bg" title="stepDefinition.checkLivingMenu.the_user_scrolls_up_to_header()">
                <span>Given the user scrolls up to Header</span>
      <div>
      </div>
              </div>
              <div class="step pass-bg" title="AFTER">
                <span>stepDefinition.Hooks.addScreenshot(io.cucumber.java.Scenario)</span>
      <div>Validating the sub-Headers
          <div class="row mb-3"><div class="col-md-3">
<img data-featherlight='../Screenshots/embedded7.png' src="../Screenshots/embedded7.png">
    
    </div></div>
</div>
      <div>
      </div>
              </div>
          </div>
        </div>
  </div>
  <div class="card">
    <div class="card-header" role="tab">
      <div class="card-title">
        <div class="node" id="52"><span class="badge log pass-bg mr-2">Pass</span>Validating the sub-Headers</div>
          <div class="status-avatar float-right mr-4">
            <i class="fa fa-paperclip"></i>
          </div>
      </div>
    </div>
        <div class="collapse">
          <div class="card-body">
              <div class="step pass-bg" title="stepDefinition.checkLivingMenu.the_user_clicks_on_table_section()">
                <span>Then the user clicks on table section</span>
      <div>
      </div>
              </div>
              <div class="step pass-bg" title="stepDefinition.checkLivingMenu.the_user_scrolls_up_to_header()">
                <span>Given the user scrolls up to Header</span>
      <div>
      </div>
              </div>
              <div class="step pass-bg" title="AFTER">
                <span>stepDefinition.Hooks.addScreenshot(io.cucumber.java.Scenario)</span>
      <div>Validating the sub-Headers
          <div class="row mb-3"><div class="col-md-3">
<img data-featherlight='../Screenshots/embedded8.png' src="../Screenshots/embedded8.png">
    
    </div></div>
</div>
      <div>
      </div>
              </div>
          </div>
        </div>
  </div>
  <div class="card">
    <div class="card-header" role="tab">
      <div class="card-title">
        <div class="node" id="58"><span class="badge log pass-bg mr-2">Pass</span>Extracting the items under sub-headers</div>
          <div class="status-avatar float-right mr-4">
            <i class="fa fa-paperclip"></i>
          </div>
      </div>
    </div>
        <div class="collapse">
          <div class="card-body">
              <div class="step pass-bg" title="stepDefinition.checkLivingMenu.the_user_scrolls_up_to_header()">
                <span>Given the user scrolls up to Header</span>
      <div>
      </div>
              </div>
              <div class="step pass-bg" title="stepDefinition.checkLivingMenu.the_user_clicks_on_living_storage()">
                <span>Then the user clicks on Living storage</span>
      <div>
      </div>
              </div>
              <div class="step pass-bg" title="stepDefinition.checkLivingMenu.the_user_extracts_all_items_under_living_storage()">
                <span>Then the user extracts all items under living storage</span>
      <div>
      </div>
              </div>
              <div class="step pass-bg" title="AFTER">
                <span>stepDefinition.Hooks.addScreenshot(io.cucumber.java.Scenario)</span>
      <div>Extracting the items under sub-headers
          <div class="row mb-3"><div class="col-md-3">
<img data-featherlight='../Screenshots/embedded9.png' src="../Screenshots/embedded9.png">
    
    </div></div>
</div>
      <div>
      </div>
              </div>
          </div>
        </div>
  </div>
</div>
          </div>
        </li>
        <li class="test-item"  status="fail" test-id="65"
          author=""
          tag=""
          device="">
          <div class="test-detail">
            <p class="name">Giftcard validation with  inputs</p>
            <p class="text-sm">
              <span>11:13:20 pm</span> / <span>00:02:50:299</span>
              <span class="badge fail-bg log float-right">Fail</span>
            </p>
          </div>
          <div class="test-contents d-none">
<div class="detail-head">
<div class="p-v-10">
<div class="info">
<h5 class="test-status text-fail">Giftcard validation with inputs</h5>
<span class='badge badge-success'>04.10.2024 11:13:20 pm</span>
<span class='badge badge-danger'>04.10.2024 11:16:10 pm</span>
<span class='badge badge-default'>00:02:50:299</span>
&middot; <span class='uri-anchor badge badge-default'>#test-id=65</span>
<span title='Skip to the next failed step' class='badge badge-danger pointer float-right ne ml-1'><i class="fa fa-fast-forward"></i></span>
<span title='Collapse all nodes' class='badge badge-default pointer float-right ct ml-1'><i class="fa fa-compress"></i></span>
<span title='Expand all nodes' class='badge badge-default pointer float-right et'><i class="fa fa-expand"></i></span>
</div>
<div class="m-t-10 m-l-5"></div>
</div>
</div>
<div class="accordion mt-4">
  <div class="card">
    <div class="card-header" role="tab">
      <div class="card-title">
        <div class="node" id="66"><span class="badge log fail-bg mr-2">Fail</span>Validation of Giftcard is navigated</div>
          <div class="status-avatar float-right mr-4">
            <i class="fa fa-paperclip"></i>
          </div>
      </div>
    </div>
        <div class="">
          <div class="card-body">
              <div class="step fail-bg" title="stepDefinition.checkGiftcard.the_user_successfully_navigating_to_the_giftcard_page()">
                <span>Given the user successfully navigating to the Giftcard page</span>
      <div>
        <textarea disabled class="code-block">org.openqa.selenium.TimeoutException: timeout: Timed out receiving message from renderer: 5.000
  (Session info: chrome=120.0.6099.130)
Build info: version: '4.19.1', revision: 'abe0ee07dc'
System info: os.name: 'Windows 11', os.arch: 'amd64', os.version: '10.0', java.version: '17.0.2'
Driver info: org.openqa.selenium.chrome.ChromeDriver
Command: [ad19afba122ee74baad305d2e07b9fce, clickElement {id=EAFCE1C1BBC044CC73D9BA9D73397C02_element_43}]
Capabilities {acceptInsecureCerts: false, browserName: chrome, browserVersion: 120.0.6099.130, chrome: {chromedriverVersion: 120.0.6099.109 (3419140ab66..., userDataDir: C:\WINDOWS\SystemTemp\scope...}, fedcm:accounts: true, goog:chromeOptions: {debuggerAddress: localhost:56267}, networkConnectionEnabled: false, pageLoadStrategy: normal, platformName: windows, proxy: Proxy(), se:cdp: ws://localhost:56267/devtoo..., se:cdpVersion: 120.0.6099.130, setWindowRect: true, strictFileInteractability: false, timeouts: {implicit: 0, pageLoad: 300000, script: 30000}, unhandledPromptBehavior: dismiss and notify, webauthn:extension:credBlob: true, webauthn:extension:largeBlob: true, webauthn:extension:minPinLength: true, webauthn:extension:prf: true, webauthn:virtualAuthenticators: true}
Element: [[ChromeDriver: chrome on windows (ad19afba122ee74baad305d2e07b9fce)] -> xpath: //*[@id='header']/section/div/ul[2]/li[3]/a]
Session ID: ad19afba122ee74baad305d2e07b9fce
	at java.base/jdk.internal.reflect.NativeConstructorAccessorImpl.newInstance0(Native Method)
	at java.base/jdk.internal.reflect.NativeConstructorAccessorImpl.newInstance(NativeConstructorAccessorImpl.java:77)
	at java.base/jdk.internal.reflect.DelegatingConstructorAccessorImpl.newInstance(DelegatingConstructorAccessorImpl.java:45)
	at java.base/java.lang.reflect.Constructor.newInstanceWithCaller(Constructor.java:499)
	at java.base/java.lang.reflect.Constructor.newInstance(Constructor.java:480)
	at org.openqa.selenium.remote.ErrorCodec.decode(ErrorCodec.java:167)
	at org.openqa.selenium.remote.codec.w3c.W3CHttpResponseCodec.decode(W3CHttpResponseCodec.java:138)
	at org.openqa.selenium.remote.codec.w3c.W3CHttpResponseCodec.decode(W3CHttpResponseCodec.java:50)
	at org.openqa.selenium.remote.HttpCommandExecutor.execute(HttpCommandExecutor.java:190)
	at org.openqa.selenium.remote.service.DriverCommandExecutor.invokeExecute(DriverCommandExecutor.java:216)
	at org.openqa.selenium.remote.service.DriverCommandExecutor.execute(DriverCommandExecutor.java:174)
	at org.openqa.selenium.remote.RemoteWebDriver.execute(RemoteWebDriver.java:518)
	at org.openqa.selenium.remote.RemoteWebElement.execute(RemoteWebElement.java:223)
	at org.openqa.selenium.remote.RemoteWebElement.click(RemoteWebElement.java:76)
	at jdk.internal.reflect.GeneratedMethodAccessor68.invoke(Unknown Source)
	at java.base/jdk.internal.reflect.DelegatingMethodAccessorImpl.invoke(DelegatingMethodAccessorImpl.java:43)
	at java.base/java.lang.reflect.Method.invoke(Method.java:568)
	at org.openqa.selenium.support.pagefactory.internal.LocatingElementHandler.invoke(LocatingElementHandler.java:51)
	at jdk.proxy2/jdk.proxy2.$Proxy56.click(Unknown Source)
	at PageObject.GiftCard.homeButtonGiftCard_click(GiftCard.java:124)
	at stepDefinition.checkGiftcard.the_user_successfully_navigating_to_the_giftcard_page(checkGiftcard.java:17)
	at ✽.the user successfully navigating to the Giftcard page(file:///C:/Users/2318851/eclipse-workspace/Hackathon_project/./Features/TS_03_GiftCard.feature:5)
</textarea>
      
      </div>
              </div>
              <div class="step pass-bg" title="AFTER">
                <span>stepDefinition.Hooks.addScreenshot(io.cucumber.java.Scenario)</span>
      <div>Validation of Giftcard is navigated
          <div class="row mb-3"><div class="col-md-3">
<img data-featherlight='../Screenshots/embedded10.png' src="../Screenshots/embedded10.png">
    
    </div></div>
</div>
      <div>
      </div>
              </div>
          </div>
        </div>
  </div>
  <div class="card">
    <div class="card-header" role="tab">
      <div class="card-title">
        <div class="node" id="71"><span class="badge log fail-bg mr-2">Fail</span>Validation of birthday/Aniversary inGiftcard validation</div>
          <div class="status-avatar float-right mr-4">
            <i class="fa fa-paperclip"></i>
          </div>
      </div>
    </div>
        <div class="">
          <div class="card-body">
              <div class="step fail-bg" title="stepDefinition.checkGiftcard.the_user_successfully_navigating_to_the_giftcard_page()">
                <span>Given the user successfully navigating to the Giftcard page</span>
      <div>
        <textarea disabled class="code-block">org.openqa.selenium.TimeoutException: timeout: Timed out receiving message from renderer: 5.000
  (Session info: chrome=120.0.6099.130)
Build info: version: '4.19.1', revision: 'abe0ee07dc'
System info: os.name: 'Windows 11', os.arch: 'amd64', os.version: '10.0', java.version: '17.0.2'
Driver info: org.openqa.selenium.chrome.ChromeDriver
Command: [c44a34610a10eeb091e5db4b6ceb7772, clickElement {id=CA9C4BC9337CC9A19B92DECDFF18C238_element_41}]
Capabilities {acceptInsecureCerts: false, browserName: chrome, browserVersion: 120.0.6099.130, chrome: {chromedriverVersion: 120.0.6099.109 (3419140ab66..., userDataDir: C:\WINDOWS\SystemTemp\scope...}, fedcm:accounts: true, goog:chromeOptions: {debuggerAddress: localhost:56342}, networkConnectionEnabled: false, pageLoadStrategy: normal, platformName: windows, proxy: Proxy(), se:cdp: ws://localhost:56342/devtoo..., se:cdpVersion: 120.0.6099.130, setWindowRect: true, strictFileInteractability: false, timeouts: {implicit: 0, pageLoad: 300000, script: 30000}, unhandledPromptBehavior: dismiss and notify, webauthn:extension:credBlob: true, webauthn:extension:largeBlob: true, webauthn:extension:minPinLength: true, webauthn:extension:prf: true, webauthn:virtualAuthenticators: true}
Element: [[ChromeDriver: chrome on windows (c44a34610a10eeb091e5db4b6ceb7772)] -> xpath: //*[@id='header']/section/div/ul[2]/li[3]/a]
Session ID: c44a34610a10eeb091e5db4b6ceb7772
	at java.base/jdk.internal.reflect.NativeConstructorAccessorImpl.newInstance0(Native Method)
	at java.base/jdk.internal.reflect.NativeConstructorAccessorImpl.newInstance(NativeConstructorAccessorImpl.java:77)
	at java.base/jdk.internal.reflect.DelegatingConstructorAccessorImpl.newInstance(DelegatingConstructorAccessorImpl.java:45)
	at java.base/java.lang.reflect.Constructor.newInstanceWithCaller(Constructor.java:499)
	at java.base/java.lang.reflect.Constructor.newInstance(Constructor.java:480)
	at org.openqa.selenium.remote.ErrorCodec.decode(ErrorCodec.java:167)
	at org.openqa.selenium.remote.codec.w3c.W3CHttpResponseCodec.decode(W3CHttpResponseCodec.java:138)
	at org.openqa.selenium.remote.codec.w3c.W3CHttpResponseCodec.decode(W3CHttpResponseCodec.java:50)
	at org.openqa.selenium.remote.HttpCommandExecutor.execute(HttpCommandExecutor.java:190)
	at org.openqa.selenium.remote.service.DriverCommandExecutor.invokeExecute(DriverCommandExecutor.java:216)
	at org.openqa.selenium.remote.service.DriverCommandExecutor.execute(DriverCommandExecutor.java:174)
	at org.openqa.selenium.remote.RemoteWebDriver.execute(RemoteWebDriver.java:518)
	at org.openqa.selenium.remote.RemoteWebElement.execute(RemoteWebElement.java:223)
	at org.openqa.selenium.remote.RemoteWebElement.click(RemoteWebElement.java:76)
	at jdk.internal.reflect.GeneratedMethodAccessor68.invoke(Unknown Source)
	at java.base/jdk.internal.reflect.DelegatingMethodAccessorImpl.invoke(DelegatingMethodAccessorImpl.java:43)
	at java.base/java.lang.reflect.Method.invoke(Method.java:568)
	at org.openqa.selenium.support.pagefactory.internal.LocatingElementHandler.invoke(LocatingElementHandler.java:51)
	at jdk.proxy2/jdk.proxy2.$Proxy56.click(Unknown Source)
	at PageObject.GiftCard.homeButtonGiftCard_click(GiftCard.java:124)
	at stepDefinition.checkGiftcard.the_user_successfully_navigating_to_the_giftcard_page(checkGiftcard.java:17)
	at ✽.the user successfully navigating to the Giftcard page(file:///C:/Users/2318851/eclipse-workspace/Hackathon_project/./Features/TS_03_GiftCard.feature:9)
</textarea>
      
      </div>
              </div>
              <div class="step skip-bg" >
                <span>Then the user selects Birthday/Aniversary occasion</span>
      <div>Step skipped
      </div>
              </div>
              <div class="step pass-bg" title="AFTER">
                <span>stepDefinition.Hooks.addScreenshot(io.cucumber.java.Scenario)</span>
      <div>Validation of birthday/Aniversary inGiftcard validation
          <div class="row mb-3"><div class="col-md-3">
<img data-featherlight='../Screenshots/embedded11.png' src="../Screenshots/embedded11.png">
    
    </div></div>
</div>
      <div>
      </div>
              </div>
          </div>
        </div>
  </div>
  <div class="card">
    <div class="card-header" role="tab">
      <div class="card-title">
        <div class="node" id="77"><span class="badge log fail-bg mr-2">Fail</span>Validation of Giftcard validation with valid inputs</div>
          <div class="status-avatar float-right mr-4">
            <i class="fa fa-paperclip"></i>
          </div>
      </div>
    </div>
        <div class="">
          <div class="card-body">
              <div class="step pass-bg" title="stepDefinition.checkGiftcard.the_user_successfully_navigating_to_the_giftcard_page()">
                <span>Given the user successfully navigating to the Giftcard page</span>
      <div>
      </div>
              </div>
              <div class="step fail-bg" >
                <span>Then the user selects Birthday/Aniversary occasion</span>
      <div>Step undefined
      </div>
              </div>
              <div class="step skip-bg" title="stepDefinition.checkGiftcard.user_enters_the_amount_in_amount_section_and_selects_invalid_inputs(java.lang.String)">
                <span>And user enters the amount "5000000" in amount section and selects invalid inputs</span>
      <div>Step skipped
      </div>
              </div>
              <div class="step skip-bg" title="stepDefinition.checkGiftcard.user_clicks_next_button()">
                <span>Then user clicks next button</span>
      <div>Step skipped
      </div>
              </div>
              <div class="step pass-bg" title="AFTER">
                <span>stepDefinition.Hooks.addScreenshot(io.cucumber.java.Scenario)</span>
      <div>Validation of Giftcard validation with valid inputs
          <div class="row mb-3"><div class="col-md-3">
<img data-featherlight='../Screenshots/embedded12.png' src="../Screenshots/embedded12.png">
    
    </div></div>
</div>
      <div>
      </div>
              </div>
          </div>
        </div>
  </div>
  <div class="card">
    <div class="card-header" role="tab">
      <div class="card-title">
        <div class="node" id="85"><span class="badge log fail-bg mr-2">Fail</span>Validation of Giftcard validation with invalid inputs</div>
          <div class="status-avatar float-right mr-4">
            <i class="fa fa-paperclip"></i>
          </div>
      </div>
    </div>
        <div class="">
          <div class="card-body">
              <div class="step pass-bg" title="stepDefinition.checkGiftcard.the_user_successfully_navigating_to_the_giftcard_page()">
                <span>Given the user successfully navigating to the Giftcard page</span>
      <div>
      </div>
              </div>
              <div class="step fail-bg" >
                <span>Then the user selects Birthday/Aniversary occasion</span>
      <div>Step undefined
      </div>
              </div>
              <div class="step skip-bg" title="stepDefinition.checkGiftcard.user_clicks_next_button()">
                <span>Then user clicks next button</span>
      <div>Step skipped
      </div>
              </div>
              <div class="step pass-bg" title="AFTER">
                <span>stepDefinition.Hooks.addScreenshot(io.cucumber.java.Scenario)</span>
      <div>Validation of Giftcard validation with invalid inputs
          <div class="row mb-3"><div class="col-md-3">
<img data-featherlight='../Screenshots/embedded13.png' src="../Screenshots/embedded13.png">
    
    </div></div>
</div>
      <div>
      </div>
              </div>
          </div>
        </div>
  </div>
  <div class="card">
    <div class="card-header" role="tab">
      <div class="card-title">
        <div class="node" id="92"><span class="badge log fail-bg mr-2">Fail</span>Validation of Giftcard validation navigates to next page</div>
          <div class="status-avatar float-right mr-4">
            <i class="fa fa-paperclip"></i>
          </div>
      </div>
    </div>
        <div class="">
          <div class="card-body">
              <div class="step fail-bg" title="stepDefinition.checkGiftcard.the_user_successfully_navigating_to_the_giftcard_page()">
                <span>Given the user successfully navigating to the Giftcard page</span>
      <div>
        <textarea disabled class="code-block">org.openqa.selenium.TimeoutException: timeout: Timed out receiving message from renderer: 5.000
  (Session info: chrome=120.0.6099.130)
Build info: version: '4.19.1', revision: 'abe0ee07dc'
System info: os.name: 'Windows 11', os.arch: 'amd64', os.version: '10.0', java.version: '17.0.2'
Driver info: org.openqa.selenium.chrome.ChromeDriver
Command: [86a8c5bb95b36ccb42c8bd87f62c82f9, clickElement {id=0B6EF470722654AA015EBEED24B1E48F_element_42}]
Capabilities {acceptInsecureCerts: false, browserName: chrome, browserVersion: 120.0.6099.130, chrome: {chromedriverVersion: 120.0.6099.109 (3419140ab66..., userDataDir: C:\WINDOWS\SystemTemp\scope...}, fedcm:accounts: true, goog:chromeOptions: {debuggerAddress: localhost:56553}, networkConnectionEnabled: false, pageLoadStrategy: normal, platformName: windows, proxy: Proxy(), se:cdp: ws://localhost:56553/devtoo..., se:cdpVersion: 120.0.6099.130, setWindowRect: true, strictFileInteractability: false, timeouts: {implicit: 0, pageLoad: 300000, script: 30000}, unhandledPromptBehavior: dismiss and notify, webauthn:extension:credBlob: true, webauthn:extension:largeBlob: true, webauthn:extension:minPinLength: true, webauthn:extension:prf: true, webauthn:virtualAuthenticators: true}
Element: [[ChromeDriver: chrome on windows (86a8c5bb95b36ccb42c8bd87f62c82f9)] -> xpath: //*[@id='header']/section/div/ul[2]/li[3]/a]
Session ID: 86a8c5bb95b36ccb42c8bd87f62c82f9
	at java.base/jdk.internal.reflect.NativeConstructorAccessorImpl.newInstance0(Native Method)
	at java.base/jdk.internal.reflect.NativeConstructorAccessorImpl.newInstance(NativeConstructorAccessorImpl.java:77)
	at java.base/jdk.internal.reflect.DelegatingConstructorAccessorImpl.newInstance(DelegatingConstructorAccessorImpl.java:45)
	at java.base/java.lang.reflect.Constructor.newInstanceWithCaller(Constructor.java:499)
	at java.base/java.lang.reflect.Constructor.newInstance(Constructor.java:480)
	at org.openqa.selenium.remote.ErrorCodec.decode(ErrorCodec.java:167)
	at org.openqa.selenium.remote.codec.w3c.W3CHttpResponseCodec.decode(W3CHttpResponseCodec.java:138)
	at org.openqa.selenium.remote.codec.w3c.W3CHttpResponseCodec.decode(W3CHttpResponseCodec.java:50)
	at org.openqa.selenium.remote.HttpCommandExecutor.execute(HttpCommandExecutor.java:190)
	at org.openqa.selenium.remote.service.DriverCommandExecutor.invokeExecute(DriverCommandExecutor.java:216)
	at org.openqa.selenium.remote.service.DriverCommandExecutor.execute(DriverCommandExecutor.java:174)
	at org.openqa.selenium.remote.RemoteWebDriver.execute(RemoteWebDriver.java:518)
	at org.openqa.selenium.remote.RemoteWebElement.execute(RemoteWebElement.java:223)
	at org.openqa.selenium.remote.RemoteWebElement.click(RemoteWebElement.java:76)
	at jdk.internal.reflect.GeneratedMethodAccessor68.invoke(Unknown Source)
	at java.base/jdk.internal.reflect.DelegatingMethodAccessorImpl.invoke(DelegatingMethodAccessorImpl.java:43)
	at java.base/java.lang.reflect.Method.invoke(Method.java:568)
	at org.openqa.selenium.support.pagefactory.internal.LocatingElementHandler.invoke(LocatingElementHandler.java:51)
	at jdk.proxy2/jdk.proxy2.$Proxy56.click(Unknown Source)
	at PageObject.GiftCard.homeButtonGiftCard_click(GiftCard.java:124)
	at stepDefinition.checkGiftcard.the_user_successfully_navigating_to_the_giftcard_page(checkGiftcard.java:17)
	at ✽.the user successfully navigating to the Giftcard page(file:///C:/Users/2318851/eclipse-workspace/Hackathon_project/./Features/TS_03_GiftCard.feature:27)
</textarea>
      
      </div>
              </div>
              <div class="step skip-bg" >
                <span>Then the user selects Birthday/Aniversary occasion</span>
      <div>Step skipped
      </div>
              </div>
              <div class="step skip-bg" title="stepDefinition.checkGiftcard.user_enters_the_amount_in_amount_section_and_selects_valid_inputs(java.lang.String)">
                <span>And user enters the amount "5000" in amount section and selects valid inputs</span>
      <div>Step skipped
      </div>
              </div>
              <div class="step skip-bg" title="stepDefinition.checkGiftcard.user_clicks_next_button()">
                <span>Then user clicks next button</span>
      <div>Step skipped
      </div>
              </div>
              <div class="step pass-bg" title="AFTER">
                <span>stepDefinition.Hooks.addScreenshot(io.cucumber.java.Scenario)</span>
      <div>Validation of Giftcard validation navigates to next page
          <div class="row mb-3"><div class="col-md-3">
<img data-featherlight='../Screenshots/embedded14.png' src="../Screenshots/embedded14.png">
    
    </div></div>
</div>
      <div>
      </div>
              </div>
          </div>
        </div>
  </div>
</div>
          </div>
        </li>
        <li class="test-item"  status="fail" test-id="100"
          author=""
          tag=""
          device="">
          <div class="test-detail">
            <p class="name">Valid Inputs</p>
            <p class="text-sm">
              <span>11:16:10 pm</span> / <span>00:02:06:776</span>
              <span class="badge fail-bg log float-right">Fail</span>
            </p>
          </div>
          <div class="test-contents d-none">
<div class="detail-head">
<div class="p-v-10">
<div class="info">
<h5 class="test-status text-fail">Valid Inputs</h5>
<span class='badge badge-success'>04.10.2024 11:16:10 pm</span>
<span class='badge badge-danger'>04.10.2024 11:18:17 pm</span>
<span class='badge badge-default'>00:02:06:776</span>
&middot; <span class='uri-anchor badge badge-default'>#test-id=100</span>
<span title='Skip to the next failed step' class='badge badge-danger pointer float-right ne ml-1'><i class="fa fa-fast-forward"></i></span>
<span title='Collapse all nodes' class='badge badge-default pointer float-right ct ml-1'><i class="fa fa-compress"></i></span>
<span title='Expand all nodes' class='badge badge-default pointer float-right et'><i class="fa fa-expand"></i></span>
</div>
<div class="m-t-10 m-l-5"></div>
</div>
</div>
<div class="accordion mt-4">
  <div class="card">
    <div class="card-header" role="tab">
      <div class="card-title">
        <div class="node" id="101"><span class="badge log fail-bg mr-2">Fail</span>Validation of Form with valid inputs</div>
          <div class="status-avatar float-right mr-4">
            <i class="fa fa-paperclip"></i>
          </div>
      </div>
    </div>
        <div class="scenario_outline ">
            <div class="card-body l1">
              <div class="card-header">
                <div class="card-title outline-child">
                  <div class="node" id="102"><span class="badge log fail-bg mr-2">Fail</span>Validation of Form with valid inputs</div>
                    <div class="status-avatar float-right">
                      <i class="fa fa-paperclip"></i>
                    </div>
                </div>
              </div>
              <div class="card-body mt-3 ">
                  <div class="step fail-bg">
                    <span>Given the user successfully navigating to the Giftcard page</span>
      <div>
        <textarea disabled class="code-block">org.openqa.selenium.TimeoutException: timeout: Timed out receiving message from renderer: 5.000
  (Session info: chrome=120.0.6099.130)
Build info: version: '4.19.1', revision: 'abe0ee07dc'
System info: os.name: 'Windows 11', os.arch: 'amd64', os.version: '10.0', java.version: '17.0.2'
Driver info: org.openqa.selenium.chrome.ChromeDriver
Command: [35a12d83d21c58c82b2fc94070f264a1, clickElement {id=6D37D4C4A54199FD7961E851E06D58AB_element_53}]
Capabilities {acceptInsecureCerts: false, browserName: chrome, browserVersion: 120.0.6099.130, chrome: {chromedriverVersion: 120.0.6099.109 (3419140ab66..., userDataDir: C:\WINDOWS\SystemTemp\scope...}, fedcm:accounts: true, goog:chromeOptions: {debuggerAddress: localhost:56630}, networkConnectionEnabled: false, pageLoadStrategy: normal, platformName: windows, proxy: Proxy(), se:cdp: ws://localhost:56630/devtoo..., se:cdpVersion: 120.0.6099.130, setWindowRect: true, strictFileInteractability: false, timeouts: {implicit: 0, pageLoad: 300000, script: 30000}, unhandledPromptBehavior: dismiss and notify, webauthn:extension:credBlob: true, webauthn:extension:largeBlob: true, webauthn:extension:minPinLength: true, webauthn:extension:prf: true, webauthn:virtualAuthenticators: true}
Element: [[ChromeDriver: chrome on windows (35a12d83d21c58c82b2fc94070f264a1)] -> xpath: //*[@id='header']/section/div/ul[2]/li[3]/a]
Session ID: 35a12d83d21c58c82b2fc94070f264a1
	at java.base/jdk.internal.reflect.NativeConstructorAccessorImpl.newInstance0(Native Method)
	at java.base/jdk.internal.reflect.NativeConstructorAccessorImpl.newInstance(NativeConstructorAccessorImpl.java:77)
	at java.base/jdk.internal.reflect.DelegatingConstructorAccessorImpl.newInstance(DelegatingConstructorAccessorImpl.java:45)
	at java.base/java.lang.reflect.Constructor.newInstanceWithCaller(Constructor.java:499)
	at java.base/java.lang.reflect.Constructor.newInstance(Constructor.java:480)
	at org.openqa.selenium.remote.ErrorCodec.decode(ErrorCodec.java:167)
	at org.openqa.selenium.remote.codec.w3c.W3CHttpResponseCodec.decode(W3CHttpResponseCodec.java:138)
	at org.openqa.selenium.remote.codec.w3c.W3CHttpResponseCodec.decode(W3CHttpResponseCodec.java:50)
	at org.openqa.selenium.remote.HttpCommandExecutor.execute(HttpCommandExecutor.java:190)
	at org.openqa.selenium.remote.service.DriverCommandExecutor.invokeExecute(DriverCommandExecutor.java:216)
	at org.openqa.selenium.remote.service.DriverCommandExecutor.execute(DriverCommandExecutor.java:174)
	at org.openqa.selenium.remote.RemoteWebDriver.execute(RemoteWebDriver.java:518)
	at org.openqa.selenium.remote.RemoteWebElement.execute(RemoteWebElement.java:223)
	at org.openqa.selenium.remote.RemoteWebElement.click(RemoteWebElement.java:76)
	at jdk.internal.reflect.GeneratedMethodAccessor68.invoke(Unknown Source)
	at java.base/jdk.internal.reflect.DelegatingMethodAccessorImpl.invoke(DelegatingMethodAccessorImpl.java:43)
	at java.base/java.lang.reflect.Method.invoke(Method.java:568)
	at org.openqa.selenium.support.pagefactory.internal.LocatingElementHandler.invoke(LocatingElementHandler.java:51)
	at jdk.proxy2/jdk.proxy2.$Proxy56.click(Unknown Source)
	at PageObject.GiftCard.homeButtonGiftCard_click(GiftCard.java:124)
	at stepDefinition.checkGiftcard.the_user_successfully_navigating_to_the_giftcard_page(checkGiftcard.java:17)
	at ✽.the user successfully navigating to the Giftcard page(file:///C:/Users/2318851/eclipse-workspace/Hackathon_project/./Features/TS_04_giftcardvalidation.feature:5)
</textarea>
      
      </div>
                  </div>
                  <div class="step skip-bg">
                    <span>Then the user selects Birthday/Aniversary occasion</span>
      <div>Step skipped
      </div>
                  </div>
                  <div class="step skip-bg">
                    <span>And user enters the amount "5000" in amount section and selects valid inputs</span>
      <div>Step skipped
      </div>
                  </div>
                  <div class="step skip-bg">
                    <span>Then user clicks next button</span>
      <div>Step skipped
      </div>
                  </div>
                  <div class="step skip-bg">
                    <span>And user enters the valid "2" from excel in the form</span>
      <div>Step skipped
      </div>
                  </div>
                  <div class="step skip-bg">
                    <span>Then user clicks the submit button</span>
      <div>Step skipped
      </div>
                  </div>
                  <div class="step skip-bg">
                    <span>Then user checks the confirmdetails page is visible</span>
      <div>Step skipped
      </div>
                  </div>
                  <div class="step pass-bg">
                    <span>stepDefinition.Hooks.addScreenshot(io.cucumber.java.Scenario)</span>
      <div>Validation of Form with valid inputs
          <div class="row mb-3"><div class="col-md-3">
<img data-featherlight='../Screenshots/embedded15.png' src="../Screenshots/embedded15.png">
    
    </div></div>
</div>
      <div>
      </div>
                  </div>
              </div>
            </div>
        </div>
  </div>
  <div class="card">
    <div class="card-header" role="tab">
      <div class="card-title">
        <div class="node" id="113"><span class="badge log fail-bg mr-2">Fail</span>Validation of Form with invalid Mail</div>
          <div class="status-avatar float-right mr-4">
            <i class="fa fa-paperclip"></i>
          </div>
      </div>
    </div>
        <div class="scenario_outline ">
            <div class="card-body l1">
              <div class="card-header">
                <div class="card-title outline-child">
                  <div class="node" id="114"><span class="badge log fail-bg mr-2">Fail</span>Validation of Form with invalid Mail</div>
                    <div class="status-avatar float-right">
                      <i class="fa fa-paperclip"></i>
                    </div>
                </div>
              </div>
              <div class="card-body mt-3 ">
                  <div class="step fail-bg">
                    <span>Given the user successfully navigating to the Giftcard page</span>
      <div>
        <textarea disabled class="code-block">org.openqa.selenium.TimeoutException: timeout: Timed out receiving message from renderer: 5.000
  (Session info: chrome=120.0.6099.130)
Build info: version: '4.19.1', revision: 'abe0ee07dc'
System info: os.name: 'Windows 11', os.arch: 'amd64', os.version: '10.0', java.version: '17.0.2'
Driver info: org.openqa.selenium.chrome.ChromeDriver
Command: [7659c31a9b6e7aa4977bc7aa2d3833f7, clickElement {id=9CFAA7FAF8720EFFD4E2C3B42422F085_element_54}]
Capabilities {acceptInsecureCerts: false, browserName: chrome, browserVersion: 120.0.6099.130, chrome: {chromedriverVersion: 120.0.6099.109 (3419140ab66..., userDataDir: C:\WINDOWS\SystemTemp\scope...}, fedcm:accounts: true, goog:chromeOptions: {debuggerAddress: localhost:56697}, networkConnectionEnabled: false, pageLoadStrategy: normal, platformName: windows, proxy: Proxy(), se:cdp: ws://localhost:56697/devtoo..., se:cdpVersion: 120.0.6099.130, setWindowRect: true, strictFileInteractability: false, timeouts: {implicit: 0, pageLoad: 300000, script: 30000}, unhandledPromptBehavior: dismiss and notify, webauthn:extension:credBlob: true, webauthn:extension:largeBlob: true, webauthn:extension:minPinLength: true, webauthn:extension:prf: true, webauthn:virtualAuthenticators: true}
Element: [[ChromeDriver: chrome on windows (7659c31a9b6e7aa4977bc7aa2d3833f7)] -> xpath: //*[@id='header']/section/div/ul[2]/li[3]/a]
Session ID: 7659c31a9b6e7aa4977bc7aa2d3833f7
	at java.base/jdk.internal.reflect.NativeConstructorAccessorImpl.newInstance0(Native Method)
	at java.base/jdk.internal.reflect.NativeConstructorAccessorImpl.newInstance(NativeConstructorAccessorImpl.java:77)
	at java.base/jdk.internal.reflect.DelegatingConstructorAccessorImpl.newInstance(DelegatingConstructorAccessorImpl.java:45)
	at java.base/java.lang.reflect.Constructor.newInstanceWithCaller(Constructor.java:499)
	at java.base/java.lang.reflect.Constructor.newInstance(Constructor.java:480)
	at org.openqa.selenium.remote.ErrorCodec.decode(ErrorCodec.java:167)
	at org.openqa.selenium.remote.codec.w3c.W3CHttpResponseCodec.decode(W3CHttpResponseCodec.java:138)
	at org.openqa.selenium.remote.codec.w3c.W3CHttpResponseCodec.decode(W3CHttpResponseCodec.java:50)
	at org.openqa.selenium.remote.HttpCommandExecutor.execute(HttpCommandExecutor.java:190)
	at org.openqa.selenium.remote.service.DriverCommandExecutor.invokeExecute(DriverCommandExecutor.java:216)
	at org.openqa.selenium.remote.service.DriverCommandExecutor.execute(DriverCommandExecutor.java:174)
	at org.openqa.selenium.remote.RemoteWebDriver.execute(RemoteWebDriver.java:518)
	at org.openqa.selenium.remote.RemoteWebElement.execute(RemoteWebElement.java:223)
	at org.openqa.selenium.remote.RemoteWebElement.click(RemoteWebElement.java:76)
	at jdk.internal.reflect.GeneratedMethodAccessor68.invoke(Unknown Source)
	at java.base/jdk.internal.reflect.DelegatingMethodAccessorImpl.invoke(DelegatingMethodAccessorImpl.java:43)
	at java.base/java.lang.reflect.Method.invoke(Method.java:568)
	at org.openqa.selenium.support.pagefactory.internal.LocatingElementHandler.invoke(LocatingElementHandler.java:51)
	at jdk.proxy2/jdk.proxy2.$Proxy56.click(Unknown Source)
	at PageObject.GiftCard.homeButtonGiftCard_click(GiftCard.java:124)
	at stepDefinition.checkGiftcard.the_user_successfully_navigating_to_the_giftcard_page(checkGiftcard.java:17)
	at ✽.the user successfully navigating to the Giftcard page(file:///C:/Users/2318851/eclipse-workspace/Hackathon_project/./Features/TS_04_giftcardvalidation.feature:19)
</textarea>
      
      </div>
                  </div>
                  <div class="step skip-bg">
                    <span>Then the user selects Birthday/Aniversary occasion</span>
      <div>Step skipped
      </div>
                  </div>
                  <div class="step skip-bg">
                    <span>And user enters the amount "5000" in amount section and selects valid inputs</span>
      <div>Step skipped
      </div>
                  </div>
                  <div class="step skip-bg">
                    <span>Then user clicks next button</span>
      <div>Step skipped
      </div>
                  </div>
                  <div class="step skip-bg">
                    <span>And user enters the invalid "1" from excel in the form</span>
      <div>Step skipped
      </div>
                  </div>
                  <div class="step skip-bg">
                    <span>Then user clicks the submit button</span>
      <div>Step skipped
      </div>
                  </div>
                  <div class="step skip-bg">
                    <span>Then user checks the confirmdetails page is visible</span>
      <div>Step skipped
      </div>
                  </div>
                  <div class="step pass-bg">
                    <span>stepDefinition.Hooks.addScreenshot(io.cucumber.java.Scenario)</span>
      <div>Validation of Form with invalid Mail
          <div class="row mb-3"><div class="col-md-3">
<img data-featherlight='../Screenshots/embedded16.png' src="../Screenshots/embedded16.png">
    
    </div></div>
</div>
      <div>
      </div>
                  </div>
              </div>
            </div>
        </div>
  </div>
  <div class="card">
    <div class="card-header" role="tab">
      <div class="card-title">
        <div class="node" id="125"><span class="badge log fail-bg mr-2">Fail</span>Validation of Form with invalid name</div>
          <div class="status-avatar float-right mr-4">
            <i class="fa fa-paperclip"></i>
          </div>
      </div>
    </div>
        <div class="scenario_outline ">
            <div class="card-body l1">
              <div class="card-header">
                <div class="card-title outline-child">
                  <div class="node" id="126"><span class="badge log fail-bg mr-2">Fail</span>Validation of Form with invalid name</div>
                    <div class="status-avatar float-right">
                      <i class="fa fa-paperclip"></i>
                    </div>
                </div>
              </div>
              <div class="card-body mt-3 ">
                  <div class="step fail-bg">
                    <span>Given the user successfully navigating to the Giftcard page</span>
      <div>
        <textarea disabled class="code-block">org.openqa.selenium.TimeoutException: timeout: Timed out receiving message from renderer: 5.000
  (Session info: chrome=120.0.6099.130)
Build info: version: '4.19.1', revision: 'abe0ee07dc'
System info: os.name: 'Windows 11', os.arch: 'amd64', os.version: '10.0', java.version: '17.0.2'
Driver info: org.openqa.selenium.chrome.ChromeDriver
Command: [e1a57bafa57bda93c6bbfe7f7e64a1a2, clickElement {id=BF0E097F7516695AD15B05284096EF16_element_40}]
Capabilities {acceptInsecureCerts: false, browserName: chrome, browserVersion: 120.0.6099.130, chrome: {chromedriverVersion: 120.0.6099.109 (3419140ab66..., userDataDir: C:\WINDOWS\SystemTemp\scope...}, fedcm:accounts: true, goog:chromeOptions: {debuggerAddress: localhost:56773}, networkConnectionEnabled: false, pageLoadStrategy: normal, platformName: windows, proxy: Proxy(), se:cdp: ws://localhost:56773/devtoo..., se:cdpVersion: 120.0.6099.130, setWindowRect: true, strictFileInteractability: false, timeouts: {implicit: 0, pageLoad: 300000, script: 30000}, unhandledPromptBehavior: dismiss and notify, webauthn:extension:credBlob: true, webauthn:extension:largeBlob: true, webauthn:extension:minPinLength: true, webauthn:extension:prf: true, webauthn:virtualAuthenticators: true}
Element: [[ChromeDriver: chrome on windows (e1a57bafa57bda93c6bbfe7f7e64a1a2)] -> xpath: //*[@id='header']/section/div/ul[2]/li[3]/a]
Session ID: e1a57bafa57bda93c6bbfe7f7e64a1a2
	at java.base/jdk.internal.reflect.NativeConstructorAccessorImpl.newInstance0(Native Method)
	at java.base/jdk.internal.reflect.NativeConstructorAccessorImpl.newInstance(NativeConstructorAccessorImpl.java:77)
	at java.base/jdk.internal.reflect.DelegatingConstructorAccessorImpl.newInstance(DelegatingConstructorAccessorImpl.java:45)
	at java.base/java.lang.reflect.Constructor.newInstanceWithCaller(Constructor.java:499)
	at java.base/java.lang.reflect.Constructor.newInstance(Constructor.java:480)
	at org.openqa.selenium.remote.ErrorCodec.decode(ErrorCodec.java:167)
	at org.openqa.selenium.remote.codec.w3c.W3CHttpResponseCodec.decode(W3CHttpResponseCodec.java:138)
	at org.openqa.selenium.remote.codec.w3c.W3CHttpResponseCodec.decode(W3CHttpResponseCodec.java:50)
	at org.openqa.selenium.remote.HttpCommandExecutor.execute(HttpCommandExecutor.java:190)
	at org.openqa.selenium.remote.service.DriverCommandExecutor.invokeExecute(DriverCommandExecutor.java:216)
	at org.openqa.selenium.remote.service.DriverCommandExecutor.execute(DriverCommandExecutor.java:174)
	at org.openqa.selenium.remote.RemoteWebDriver.execute(RemoteWebDriver.java:518)
	at org.openqa.selenium.remote.RemoteWebElement.execute(RemoteWebElement.java:223)
	at org.openqa.selenium.remote.RemoteWebElement.click(RemoteWebElement.java:76)
	at jdk.internal.reflect.GeneratedMethodAccessor68.invoke(Unknown Source)
	at java.base/jdk.internal.reflect.DelegatingMethodAccessorImpl.invoke(DelegatingMethodAccessorImpl.java:43)
	at java.base/java.lang.reflect.Method.invoke(Method.java:568)
	at org.openqa.selenium.support.pagefactory.internal.LocatingElementHandler.invoke(LocatingElementHandler.java:51)
	at jdk.proxy2/jdk.proxy2.$Proxy56.click(Unknown Source)
	at PageObject.GiftCard.homeButtonGiftCard_click(GiftCard.java:124)
	at stepDefinition.checkGiftcard.the_user_successfully_navigating_to_the_giftcard_page(checkGiftcard.java:17)
	at ✽.the user successfully navigating to the Giftcard page(file:///C:/Users/2318851/eclipse-workspace/Hackathon_project/./Features/TS_04_giftcardvalidation.feature:33)
</textarea>
      
      </div>
                  </div>
                  <div class="step skip-bg">
                    <span>Then the user selects Birthday/Aniversary occasion</span>
      <div>Step skipped
      </div>
                  </div>
                  <div class="step skip-bg">
                    <span>And user enters the amount "5000" in amount section and selects valid inputs</span>
      <div>Step skipped
      </div>
                  </div>
                  <div class="step skip-bg">
                    <span>Then user clicks next button</span>
      <div>Step skipped
      </div>
                  </div>
                  <div class="step skip-bg">
                    <span>And user enters the invalid "3" from excel in the form</span>
      <div>Step skipped
      </div>
                  </div>
                  <div class="step skip-bg">
                    <span>Then user clicks the submit button</span>
      <div>Step skipped
      </div>
                  </div>
                  <div class="step skip-bg">
                    <span>Then user checks the confirmdetails page is visible</span>
      <div>Step skipped
      </div>
                  </div>
                  <div class="step pass-bg">
                    <span>stepDefinition.Hooks.addScreenshot(io.cucumber.java.Scenario)</span>
      <div>Validation of Form with invalid name
          <div class="row mb-3"><div class="col-md-3">
<img data-featherlight='../Screenshots/embedded17.png' src="../Screenshots/embedded17.png">
    
    </div></div>
</div>
      <div>
      </div>
                  </div>
              </div>
            </div>
        </div>
  </div>
  <div class="card">
    <div class="card-header" role="tab">
      <div class="card-title">
        <div class="node" id="137"><span class="badge log fail-bg mr-2">Fail</span>Validation of Form with invalid mobile</div>
          <div class="status-avatar float-right mr-4">
            <i class="fa fa-paperclip"></i>
          </div>
      </div>
    </div>
        <div class="scenario_outline ">
            <div class="card-body l1">
              <div class="card-header">
                <div class="card-title outline-child">
                  <div class="node" id="138"><span class="badge log fail-bg mr-2">Fail</span>Validation of Form with invalid mobile</div>
                    <div class="status-avatar float-right">
                      <i class="fa fa-paperclip"></i>
                    </div>
                </div>
              </div>
              <div class="card-body mt-3 ">
                  <div class="step fail-bg">
                    <span>stepDefinition.Hooks.setup()</span>
      <div>
        <textarea disabled class="code-block">org.openqa.selenium.TimeoutException: timeout: Timed out receiving message from renderer: 4.102
  (Session info: chrome=120.0.6099.130)
Build info: version: '4.19.1', revision: 'abe0ee07dc'
System info: os.name: 'Windows 11', os.arch: 'amd64', os.version: '10.0', java.version: '17.0.2'
Driver info: org.openqa.selenium.chrome.ChromeDriver
Command: [799e9ccb9ca8ed939fc929cbace190a5, get {url=https://urbanladder.com/}]
Capabilities {acceptInsecureCerts: false, browserName: chrome, browserVersion: 120.0.6099.130, chrome: {chromedriverVersion: 120.0.6099.109 (3419140ab66..., userDataDir: C:\WINDOWS\SystemTemp\scope...}, fedcm:accounts: true, goog:chromeOptions: {debuggerAddress: localhost:56846}, networkConnectionEnabled: false, pageLoadStrategy: normal, platformName: windows, proxy: Proxy(), se:cdp: ws://localhost:56846/devtoo..., se:cdpVersion: 120.0.6099.130, setWindowRect: true, strictFileInteractability: false, timeouts: {implicit: 0, pageLoad: 300000, script: 30000}, unhandledPromptBehavior: dismiss and notify, webauthn:extension:credBlob: true, webauthn:extension:largeBlob: true, webauthn:extension:minPinLength: true, webauthn:extension:prf: true, webauthn:virtualAuthenticators: true}
Session ID: 799e9ccb9ca8ed939fc929cbace190a5
	at java.base/jdk.internal.reflect.NativeConstructorAccessorImpl.newInstance0(Native Method)
	at java.base/jdk.internal.reflect.NativeConstructorAccessorImpl.newInstance(NativeConstructorAccessorImpl.java:77)
	at java.base/jdk.internal.reflect.DelegatingConstructorAccessorImpl.newInstance(DelegatingConstructorAccessorImpl.java:45)
	at java.base/java.lang.reflect.Constructor.newInstanceWithCaller(Constructor.java:499)
	at java.base/java.lang.reflect.Constructor.newInstance(Constructor.java:480)
	at org.openqa.selenium.remote.ErrorCodec.decode(ErrorCodec.java:167)
	at org.openqa.selenium.remote.codec.w3c.W3CHttpResponseCodec.decode(W3CHttpResponseCodec.java:138)
	at org.openqa.selenium.remote.codec.w3c.W3CHttpResponseCodec.decode(W3CHttpResponseCodec.java:50)
	at org.openqa.selenium.remote.HttpCommandExecutor.execute(HttpCommandExecutor.java:190)
	at org.openqa.selenium.remote.service.DriverCommandExecutor.invokeExecute(DriverCommandExecutor.java:216)
	at org.openqa.selenium.remote.service.DriverCommandExecutor.execute(DriverCommandExecutor.java:174)
	at org.openqa.selenium.remote.RemoteWebDriver.execute(RemoteWebDriver.java:518)
	at org.openqa.selenium.remote.RemoteWebDriver.get(RemoteWebDriver.java:300)
	at stepDefinition.Hooks.setup(Hooks.java:28)
</textarea>
      
      </div>
                  </div>
                  <div class="step skip-bg">
                    <span>Given the user successfully navigating to the Giftcard page</span>
      <div>Step skipped
      </div>
                  </div>
                  <div class="step skip-bg">
                    <span>Then the user selects Birthday/Aniversary occasion</span>
      <div>Step skipped
      </div>
                  </div>
                  <div class="step skip-bg">
                    <span>And user enters the amount "5000" in amount section and selects valid inputs</span>
      <div>Step skipped
      </div>
                  </div>
                  <div class="step skip-bg">
                    <span>Then user clicks next button</span>
      <div>Step skipped
      </div>
                  </div>
                  <div class="step skip-bg">
                    <span>And user enters the invalid "4" from excel in the form</span>
      <div>Step skipped
      </div>
                  </div>
                  <div class="step skip-bg">
                    <span>Then user clicks the submit button</span>
      <div>Step skipped
      </div>
                  </div>
                  <div class="step skip-bg">
                    <span>Then user checks the confirmdetails page is visible</span>
      <div>Step skipped
      </div>
                  </div>
                  <div class="step pass-bg">
                    <span>stepDefinition.Hooks.addScreenshot(io.cucumber.java.Scenario)</span>
      <div>Validation of Form with invalid mobile
          <div class="row mb-3"><div class="col-md-3">
<img data-featherlight='../Screenshots/embedded18.png' src="../Screenshots/embedded18.png">
    
    </div></div>
</div>
      <div>
      </div>
                  </div>
              </div>
            </div>
        </div>
  </div>
</div>
          </div>
        </li>
        <li class="test-item"  status="fail" test-id="149"
          author=""
          tag=""
          device="">
          <div class="test-detail">
            <p class="name">Display BookShelves</p>
            <p class="text-sm">
              <span>11:18:17 pm</span> / <span>00:00:50:940</span>
              <span class="badge fail-bg log float-right">Fail</span>
            </p>
          </div>
          <div class="test-contents d-none">
<div class="detail-head">
<div class="p-v-10">
<div class="info">
<h5 class="test-status text-fail">Display BookShelves</h5>
<span class='badge badge-success'>04.10.2024 11:18:17 pm</span>
<span class='badge badge-danger'>04.10.2024 11:19:08 pm</span>
<span class='badge badge-default'>00:00:50:940</span>
&middot; <span class='uri-anchor badge badge-default'>#test-id=149</span>
<span title='Skip to the next failed step' class='badge badge-danger pointer float-right ne ml-1'><i class="fa fa-fast-forward"></i></span>
<span title='Collapse all nodes' class='badge badge-default pointer float-right ct ml-1'><i class="fa fa-compress"></i></span>
<span title='Expand all nodes' class='badge badge-default pointer float-right et'><i class="fa fa-expand"></i></span>
</div>
<div class="m-t-10 m-l-5"></div>
</div>
</div>
<div class="accordion mt-4">
  <div class="card">
    <div class="card-header" role="tab">
      <div class="card-title">
        <div class="node" id="150"><span class="badge log fail-bg mr-2">Fail</span>urbanlader Bookshelves</div>
          <div class="status-avatar float-right mr-4">
            <i class="fa fa-paperclip"></i>
          </div>
      </div>
    </div>
        <div class="">
          <div class="card-body">
              <div class="step fail-bg" title="BEFORE">
                <span>stepDefinition.Hooks.setup()</span>
      <div>
        <textarea disabled class="code-block">org.openqa.selenium.TimeoutException: timeout: Timed out receiving message from renderer: 3.707
  (Session info: chrome=120.0.6099.130)
Build info: version: '4.19.1', revision: 'abe0ee07dc'
System info: os.name: 'Windows 11', os.arch: 'amd64', os.version: '10.0', java.version: '17.0.2'
Driver info: org.openqa.selenium.chrome.ChromeDriver
Command: [6eef9d8a16be983dd757b9a28c848a52, get {url=https://urbanladder.com/}]
Capabilities {acceptInsecureCerts: false, browserName: chrome, browserVersion: 120.0.6099.130, chrome: {chromedriverVersion: 120.0.6099.109 (3419140ab66..., userDataDir: C:\WINDOWS\SystemTemp\scope...}, fedcm:accounts: true, goog:chromeOptions: {debuggerAddress: localhost:56891}, networkConnectionEnabled: false, pageLoadStrategy: normal, platformName: windows, proxy: Proxy(), se:cdp: ws://localhost:56891/devtoo..., se:cdpVersion: 120.0.6099.130, setWindowRect: true, strictFileInteractability: false, timeouts: {implicit: 0, pageLoad: 300000, script: 30000}, unhandledPromptBehavior: dismiss and notify, webauthn:extension:credBlob: true, webauthn:extension:largeBlob: true, webauthn:extension:minPinLength: true, webauthn:extension:prf: true, webauthn:virtualAuthenticators: true}
Session ID: 6eef9d8a16be983dd757b9a28c848a52
	at java.base/jdk.internal.reflect.NativeConstructorAccessorImpl.newInstance0(Native Method)
	at java.base/jdk.internal.reflect.NativeConstructorAccessorImpl.newInstance(NativeConstructorAccessorImpl.java:77)
	at java.base/jdk.internal.reflect.DelegatingConstructorAccessorImpl.newInstance(DelegatingConstructorAccessorImpl.java:45)
	at java.base/java.lang.reflect.Constructor.newInstanceWithCaller(Constructor.java:499)
	at java.base/java.lang.reflect.Constructor.newInstance(Constructor.java:480)
	at org.openqa.selenium.remote.ErrorCodec.decode(ErrorCodec.java:167)
	at org.openqa.selenium.remote.codec.w3c.W3CHttpResponseCodec.decode(W3CHttpResponseCodec.java:138)
	at org.openqa.selenium.remote.codec.w3c.W3CHttpResponseCodec.decode(W3CHttpResponseCodec.java:50)
	at org.openqa.selenium.remote.HttpCommandExecutor.execute(HttpCommandExecutor.java:190)
	at org.openqa.selenium.remote.service.DriverCommandExecutor.invokeExecute(DriverCommandExecutor.java:216)
	at org.openqa.selenium.remote.service.DriverCommandExecutor.execute(DriverCommandExecutor.java:174)
	at org.openqa.selenium.remote.RemoteWebDriver.execute(RemoteWebDriver.java:518)
	at org.openqa.selenium.remote.RemoteWebDriver.get(RemoteWebDriver.java:300)
	at stepDefinition.Hooks.setup(Hooks.java:28)
</textarea>
      
      </div>
              </div>
              <div class="step skip-bg" >
                <span>Given search for bookselves</span>
      <div>Step skipped
      </div>
              </div>
              <div class="step skip-bg" title="stepDefinition.BookShelf.select_kids_category()">
                <span>When select kids category</span>
      <div>Step skipped
      </div>
              </div>
              <div class="step skip-bg" title="stepDefinition.BookShelf.select_in_stock()">
                <span>And select in stock</span>
      <div>Step skipped
      </div>
              </div>
              <div class="step skip-bg" title="stepDefinition.BookShelf.priority_low_to_high()">
                <span>And priority high to low</span>
      <div>Step skipped
      </div>
              </div>
              <div class="step skip-bg" title="stepDefinition.BookShelf.print_the_first_three_bookshelves_under()">
                <span>Then Print the first three bookshelves</span>
      <div>Step skipped
      </div>
              </div>
              <div class="step pass-bg" title="AFTER">
                <span>stepDefinition.Hooks.addScreenshot(io.cucumber.java.Scenario)</span>
      <div>urbanlader Bookshelves
          <div class="row mb-3"><div class="col-md-3">
<img data-featherlight='../Screenshots/embedded19.png' src="../Screenshots/embedded19.png">
    
    </div></div>
</div>
      <div>
      </div>
              </div>
          </div>
        </div>
  </div>
  <div class="card">
    <div class="card-header" role="tab">
      <div class="card-title">
        <div class="node" id="159"><span class="badge log fail-bg mr-2">Fail</span>Living</div>
          <div class="status-avatar float-right mr-4">
            <i class="fa fa-paperclip"></i>
          </div>
      </div>
    </div>
        <div class="">
          <div class="card-body">
              <div class="step fail-bg" title="BEFORE">
                <span>stepDefinition.Hooks.setup()</span>
      <div>
        <textarea disabled class="code-block">org.openqa.selenium.TimeoutException: timeout: Timed out receiving message from renderer: 4.086
  (Session info: chrome=120.0.6099.130)
Build info: version: '4.19.1', revision: 'abe0ee07dc'
System info: os.name: 'Windows 11', os.arch: 'amd64', os.version: '10.0', java.version: '17.0.2'
Driver info: org.openqa.selenium.chrome.ChromeDriver
Command: [13bc6f1b2c27aae2ffd4095ae88c23fa, get {url=https://urbanladder.com/}]
Capabilities {acceptInsecureCerts: false, browserName: chrome, browserVersion: 120.0.6099.130, chrome: {chromedriverVersion: 120.0.6099.109 (3419140ab66..., userDataDir: C:\WINDOWS\SystemTemp\scope...}, fedcm:accounts: true, goog:chromeOptions: {debuggerAddress: localhost:56934}, networkConnectionEnabled: false, pageLoadStrategy: normal, platformName: windows, proxy: Proxy(), se:cdp: ws://localhost:56934/devtoo..., se:cdpVersion: 120.0.6099.130, setWindowRect: true, strictFileInteractability: false, timeouts: {implicit: 0, pageLoad: 300000, script: 30000}, unhandledPromptBehavior: dismiss and notify, webauthn:extension:credBlob: true, webauthn:extension:largeBlob: true, webauthn:extension:minPinLength: true, webauthn:extension:prf: true, webauthn:virtualAuthenticators: true}
Session ID: 13bc6f1b2c27aae2ffd4095ae88c23fa
	at java.base/jdk.internal.reflect.NativeConstructorAccessorImpl.newInstance0(Native Method)
	at java.base/jdk.internal.reflect.NativeConstructorAccessorImpl.newInstance(NativeConstructorAccessorImpl.java:77)
	at java.base/jdk.internal.reflect.DelegatingConstructorAccessorImpl.newInstance(DelegatingConstructorAccessorImpl.java:45)
	at java.base/java.lang.reflect.Constructor.newInstanceWithCaller(Constructor.java:499)
	at java.base/java.lang.reflect.Constructor.newInstance(Constructor.java:480)
	at org.openqa.selenium.remote.ErrorCodec.decode(ErrorCodec.java:167)
	at org.openqa.selenium.remote.codec.w3c.W3CHttpResponseCodec.decode(W3CHttpResponseCodec.java:138)
	at org.openqa.selenium.remote.codec.w3c.W3CHttpResponseCodec.decode(W3CHttpResponseCodec.java:50)
	at org.openqa.selenium.remote.HttpCommandExecutor.execute(HttpCommandExecutor.java:190)
	at org.openqa.selenium.remote.service.DriverCommandExecutor.invokeExecute(DriverCommandExecutor.java:216)
	at org.openqa.selenium.remote.service.DriverCommandExecutor.execute(DriverCommandExecutor.java:174)
	at org.openqa.selenium.remote.RemoteWebDriver.execute(RemoteWebDriver.java:518)
	at org.openqa.selenium.remote.RemoteWebDriver.get(RemoteWebDriver.java:300)
	at stepDefinition.Hooks.setup(Hooks.java:28)
</textarea>
      
      </div>
              </div>
              <div class="step skip-bg" title="stepDefinition.LivingSubMenu.hover_mouse_to_living()">
                <span>Given Hover mouse to living</span>
      <div>Step skipped
      </div>
              </div>
              <div class="step skip-bg" title="stepDefinition.LivingSubMenu.sub_menus_should_be_appeared_and_print_it()">
                <span>When sub menus should be appeared and print it</span>
      <div>Step skipped
      </div>
              </div>
              <div class="step pass-bg" title="AFTER">
                <span>stepDefinition.Hooks.addScreenshot(io.cucumber.java.Scenario)</span>
      <div>Living
          <div class="row mb-3"><div class="col-md-3">
<img data-featherlight='../Screenshots/embedded20.png' src="../Screenshots/embedded20.png">
    
    </div></div>
</div>
      <div>
      </div>
              </div>
          </div>
        </div>
  </div>
</div>
          </div>
        </li>
      </ul>
    </div>
  </div>
<div class="test-content scrollable">
<div class="test-content-tools">
<ul><li><a class="back-to-test" href="#"><i class="fa fa-arrow-left"></i></a></li></ul>
</div>
<div class="test-content-detail"><div class="detail-body"></div></div>
</div></div>
<div class="test-wrapper row view exception-view attributes-view">
<div class="test-list">
<div class="test-list-tools">
<ul class="tools pull-left"><li><a href=""><span class="font-size-14">Exception</span></a></li></ul>
<ul class="tools text-right"><li><a href="#"><span class="badge badge-primary">1</span></a></li></ul>
</div>
<div class="test-list-wrapper scrollable">
<ul class="test-list-item">
<li class="test-item">
<div class="test-detail">
<span class="meta">
<span class='badge log badge-danger'>10</span>
</span>
<p class="name">org.openqa.selenium.TimeoutException</p>
<p class="duration text-sm">10 tests</p>
</div>
<div class="test-contents d-none">
<div class="info">
<h4>org.openqa.selenium.TimeoutException</h4>
<span status="fail" class='badge log badge-danger'>10 failed</span>
</div>
<table class='table table-sm mt-4'>
<thead>
<tr>
<th class="status-col">Status</th>
<th class="timestamp-col">Timestamp</th>
<th>TestName</th>
</tr>
</thead>
<tbody>
<tr class="tag-test-status" status="fail">
<td><span class="badge log fail-bg">Fail</span></td>
<td>23:11:59 pm</td>
<td>
<a href="#" class="linked" test-id='1' id='33'>When the user enters the input as search "Bookshelves with price below 15000"</a>
<div class="">
<span class="badge badge-default">Display items name and price in bookshelves page.Fetching item name and details.When the user enters the input as search "Bookshelves with price below 15000"</span>
</div>
</td>
</tr>
<tr class="tag-test-status" status="fail">
<td><span class="badge log fail-bg">Fail</span></td>
<td>23:13:32 pm</td>
<td>
<a href="#" class="linked" test-id='65' id='68'>Given the user successfully navigating to the Giftcard page</a>
<div class="">
<span class="badge badge-default">Giftcard validation with inputs.Validation of Giftcard is navigated.Given the user successfully navigating to the Giftcard page</span>
</div>
</td>
</tr>
<tr class="tag-test-status" status="fail">
<td><span class="badge log fail-bg">Fail</span></td>
<td>23:14:10 pm</td>
<td>
<a href="#" class="linked" test-id='65' id='73'>Given the user successfully navigating to the Giftcard page</a>
<div class="">
<span class="badge badge-default">Giftcard validation with inputs.Validation of birthday/Aniversary inGiftcard validation.Given the user successfully navigating to the Giftcard page</span>
</div>
</td>
</tr>
<tr class="tag-test-status" status="fail">
<td><span class="badge log fail-bg">Fail</span></td>
<td>23:15:48 pm</td>
<td>
<a href="#" class="linked" test-id='65' id='94'>Given the user successfully navigating to the Giftcard page</a>
<div class="">
<span class="badge badge-default">Giftcard validation with inputs.Validation of Giftcard validation navigates to next page.Given the user successfully navigating to the Giftcard page</span>
</div>
</td>
</tr>
<tr class="tag-test-status" status="fail">
<td><span class="badge log fail-bg">Fail</span></td>
<td>23:16:27 pm</td>
<td>
<a href="#" class="linked" test-id='100' id='104'>Given the user successfully navigating to the Giftcard page</a>
<div class="">
<span class="badge badge-default">Valid Inputs.Validation of Form with valid inputs.Given the user successfully navigating to the Giftcard page</span>
</div>
</td>
</tr>
<tr class="tag-test-status" status="fail">
<td><span class="badge log fail-bg">Fail</span></td>
<td>23:17:04 pm</td>
<td>
<a href="#" class="linked" test-id='100' id='116'>Given the user successfully navigating to the Giftcard page</a>
<div class="">
<span class="badge badge-default">Valid Inputs.Validation of Form with invalid Mail.Given the user successfully navigating to the Giftcard page</span>
</div>
</td>
</tr>
<tr class="tag-test-status" status="fail">
<td><span class="badge log fail-bg">Fail</span></td>
<td>23:17:39 pm</td>
<td>
<a href="#" class="linked" test-id='100' id='128'>Given the user successfully navigating to the Giftcard page</a>
<div class="">
<span class="badge badge-default">Valid Inputs.Validation of Form with invalid name.Given the user successfully navigating to the Giftcard page</span>
</div>
</td>
</tr>
<tr class="tag-test-status" status="fail">
<td><span class="badge log fail-bg">Fail</span></td>
<td>23:17:55 pm</td>
<td>
<a href="#" class="linked" test-id='100' id='139'>stepDefinition.Hooks.setup()</a>
<div class="">
<span class="badge badge-default">Valid Inputs.Validation of Form with invalid mobile.stepDefinition.Hooks.setup()</span>
</div>
</td>
</tr>
<tr class="tag-test-status" status="fail">
<td><span class="badge log fail-bg">Fail</span></td>
<td>23:18:17 pm</td>
<td>
<a href="#" class="linked" test-id='149' id='151'>stepDefinition.Hooks.setup()</a>
<div class="">
<span class="badge badge-default">Display BookShelves.urbanlader Bookshelves.stepDefinition.Hooks.setup()</span>
</div>
</td>
</tr>
<tr class="tag-test-status" status="fail">
<td><span class="badge log fail-bg">Fail</span></td>
<td>23:18:43 pm</td>
<td>
<a href="#" class="linked" test-id='149' id='160'>stepDefinition.Hooks.setup()</a>
<div class="">
<span class="badge badge-default">Display BookShelves.Living.stepDefinition.Hooks.setup()</span>
</div>
</td>
</tr>
</tbody>
</table>
</div>
</li>
</ul>
</div>
</div>
<div class="test-content scrollable">
<div class="test-content-detail">
<div class="detail-body"></div>
</div>
</div>
</div><div class="test-wrapper row view category-view attributes-view">
<div class="test-list">
<div class="test-list-tools">
<ul class="tools pull-left"><li><a href=""><span class="font-size-14">Category</span></a></li></ul>
<ul class="tools text-right"><li><a href="#"><span class="badge badge-primary">2</span></a></li></ul>
</div>
<div class="test-list-wrapper scrollable">
<ul class="test-list-item">
<li class="test-item">
<div class="test-detail">
<span class="meta">
<span class='badge log pass-bg'>7</span>
<span class='badge log badge-danger'>10</span>
</span>
<p class="name">@regression</p>
<p class="duration text-sm">17 tests</p>
</div>
<div class="test-contents d-none">
<div class="info">
<h4>@regression</h4>
<span status="pass" class='badge log pass-bg'>7 passed</span>
<span status="fail" class='badge log badge-danger'>10 failed</span>
</div>
<table class='table table-sm mt-4'>
<thead>
<tr>
<th class="status-col">Status</th>
<th class="timestamp-col">Timestamp</th>
<th>TestName</th>
</tr>
</thead>
<tbody>
<tr class="tag-test-status" status="pass">
<td><span class="badge log pass-bg">Pass</span></td>
<td>23:10:15 pm</td>
<td>
<a href="#" class="linked" test-id='1' id='2'>Validation with invalid input</a>
<div class="">
<span class="badge badge-default">Display items name and price in bookshelves page.Validation with invalid input</span>
</div>
</td>
</tr>
<tr class="tag-test-status" status="pass">
<td><span class="badge log pass-bg">Pass</span></td>
<td>23:10:35 pm</td>
<td>
<a href="#" class="linked" test-id='1' id='8'>Successfull page navigation with valid input</a>
<div class="">
<span class="badge badge-default">Display items name and price in bookshelves page.Successfull page navigation with valid input</span>
</div>
</td>
</tr>
<tr class="tag-test-status" status="pass">
<td><span class="badge log pass-bg">Pass</span></td>
<td>23:10:57 pm</td>
<td>
<a href="#" class="linked" test-id='1' id='14'>Handling popups</a>
<div class="">
<span class="badge badge-default">Display items name and price in bookshelves page.Handling popups</span>
</div>
</td>
</tr>
<tr class="tag-test-status" status="fail">
<td><span class="badge log fail-bg">Fail</span></td>
<td>23:11:21 pm</td>
<td>
<a href="#" class="linked" test-id='1' id='21'>Successfull page navigation with valid input</a>
<div class="">
<span class="badge badge-default">Display items name and price in bookshelves page.Successfull page navigation with valid input</span>
</div>
</td>
</tr>
<tr class="tag-test-status" status="fail">
<td><span class="badge log fail-bg">Fail</span></td>
<td>23:11:46 pm</td>
<td>
<a href="#" class="linked" test-id='1' id='30'>Fetching item name and details</a>
<div class="">
<span class="badge badge-default">Display items name and price in bookshelves page.Fetching item name and details</span>
</div>
</td>
</tr>
<tr class="tag-test-status" status="pass">
<td><span class="badge log pass-bg">Pass</span></td>
<td>23:12:09 pm</td>
<td>
<a href="#" class="linked" test-id='40' id='41'>Validating the presence of Headers</a>
<div class="">
<span class="badge badge-default">Display all headers in any one sub-menu.Validating the presence of Headers</span>
</div>
</td>
</tr>
<tr class="tag-test-status" status="pass">
<td><span class="badge log pass-bg">Pass</span></td>
<td>23:12:24 pm</td>
<td>
<a href="#" class="linked" test-id='40' id='46'>Validating the sub-Headers</a>
<div class="">
<span class="badge badge-default">Display all headers in any one sub-menu.Validating the sub-Headers</span>
</div>
</td>
</tr>
<tr class="tag-test-status" status="pass">
<td><span class="badge log pass-bg">Pass</span></td>
<td>23:12:41 pm</td>
<td>
<a href="#" class="linked" test-id='40' id='52'>Validating the sub-Headers</a>
<div class="">
<span class="badge badge-default">Display all headers in any one sub-menu.Validating the sub-Headers</span>
</div>
</td>
</tr>
<tr class="tag-test-status" status="pass">
<td><span class="badge log pass-bg">Pass</span></td>
<td>23:12:58 pm</td>
<td>
<a href="#" class="linked" test-id='40' id='58'>Extracting the items under sub-headers</a>
<div class="">
<span class="badge badge-default">Display all headers in any one sub-menu.Extracting the items under sub-headers</span>
</div>
</td>
</tr>
<tr class="tag-test-status" status="fail">
<td><span class="badge log fail-bg">Fail</span></td>
<td>23:13:20 pm</td>
<td>
<a href="#" class="linked" test-id='65' id='66'>Validation of Giftcard is navigated</a>
<div class="">
<span class="badge badge-default">Giftcard validation with inputs.Validation of Giftcard is navigated</span>
</div>
</td>
</tr>
<tr class="tag-test-status" status="fail">
<td><span class="badge log fail-bg">Fail</span></td>
<td>23:13:48 pm</td>
<td>
<a href="#" class="linked" test-id='65' id='71'>Validation of birthday/Aniversary inGiftcard validation</a>
<div class="">
<span class="badge badge-default">Giftcard validation with inputs.Validation of birthday/Aniversary inGiftcard validation</span>
</div>
</td>
</tr>
<tr class="tag-test-status" status="fail">
<td><span class="badge log fail-bg">Fail</span></td>
<td>23:14:28 pm</td>
<td>
<a href="#" class="linked" test-id='65' id='77'>Validation of Giftcard validation with valid inputs</a>
<div class="">
<span class="badge badge-default">Giftcard validation with inputs.Validation of Giftcard validation with valid inputs</span>
</div>
</td>
</tr>
<tr class="tag-test-status" status="fail">
<td><span class="badge log fail-bg">Fail</span></td>
<td>23:14:53 pm</td>
<td>
<a href="#" class="linked" test-id='65' id='85'>Validation of Giftcard validation with invalid inputs</a>
<div class="">
<span class="badge badge-default">Giftcard validation with inputs.Validation of Giftcard validation with invalid inputs</span>
</div>
</td>
</tr>
<tr class="tag-test-status" status="fail">
<td><span class="badge log fail-bg">Fail</span></td>
<td>23:15:27 pm</td>
<td>
<a href="#" class="linked" test-id='65' id='92'>Validation of Giftcard validation navigates to next page</a>
<div class="">
<span class="badge badge-default">Giftcard validation with inputs.Validation of Giftcard validation navigates to next page</span>
</div>
</td>
</tr>
<tr class="tag-test-status" status="fail">
<td><span class="badge log fail-bg">Fail</span></td>
<td>23:16:44 pm</td>
<td>
<a href="#" class="linked" test-id='100' id='114'>Validation of Form with invalid Mail</a>
<div class="">
<span class="badge badge-default">Valid Inputs.Validation of Form with invalid Mail</span>
</div>
</td>
</tr>
<tr class="tag-test-status" status="fail">
<td><span class="badge log fail-bg">Fail</span></td>
<td>23:17:22 pm</td>
<td>
<a href="#" class="linked" test-id='100' id='126'>Validation of Form with invalid name</a>
<div class="">
<span class="badge badge-default">Valid Inputs.Validation of Form with invalid name</span>
</div>
</td>
</tr>
<tr class="tag-test-status" status="fail">
<td><span class="badge log fail-bg">Fail</span></td>
<td>23:17:55 pm</td>
<td>
<a href="#" class="linked" test-id='100' id='138'>Validation of Form with invalid mobile</a>
<div class="">
<span class="badge badge-default">Valid Inputs.Validation of Form with invalid mobile</span>
</div>
</td>
</tr>
</tbody>
</table>
</div>
</li>
<li class="test-item">
<div class="test-detail">
<span class="meta">
<span class='badge log badge-danger'>1</span>
</span>
<p class="name">@smoke</p>
<p class="duration text-sm">1 tests</p>
</div>
<div class="test-contents d-none">
<div class="info">
<h4>@smoke</h4>
<span status="fail" class='badge log badge-danger'>1 failed</span>
</div>
<table class='table table-sm mt-4'>
<thead>
<tr>
<th class="status-col">Status</th>
<th class="timestamp-col">Timestamp</th>
<th>TestName</th>
</tr>
</thead>
<tbody>
<tr class="tag-test-status" status="fail">
<td><span class="badge log fail-bg">Fail</span></td>
<td>23:16:10 pm</td>
<td>
<a href="#" class="linked" test-id='100' id='102'>Validation of Form with valid inputs</a>
<div class="">
<span class="badge badge-default">Valid Inputs.Validation of Form with valid inputs</span>
</div>
</td>
</tr>
</tbody>
</table>
</div>
</li>
</ul>
</div>
</div>
<div class="test-content scrollable">
<div class="test-content-detail">
<div class="detail-body"></div>
</div>
</div>
</div><div class="container-fluid p-4 view dashboard-view">
<div class="row">
<div class="col-md-3">
<div class="card"><div class="card-body">
<p class="m-b-0">Started</p>
<h3>Apr 10, 2024 11:10:14 pm</h3>
</div></div>
</div>
<div class="col-md-3">
<div class="card"><div class="card-body">
<p class="m-b-0">Ended</p>
<h3>Apr 10, 2024 11:19:08 pm</h3>
</div></div>
</div>
<div class="col-md-3">
<div class="card"><div class="card-body">
<p class="m-b-0 text-pass">Features Passed</p>
<h3>1</h3>
</div></div>
</div>
<div class="col-md-3">
<div class="card"><div class="card-body">
<p class="m-b-0 text-fail">Features Failed</p>
<h3>4</h3>
</div></div>
</div>
</div>
<div class="row">
<div class="col-md-4">
<div class="card">
<div class="card-header">
<h6 class="card-title">Features</h6>
</div>
<div class="card-body">
<div class="">
<canvas id='parent-analysis' width='115' height='90'></canvas>
</div>
</div>
<div class="card-footer">
<div><small data-tooltip='20%'>
<b>1</b> features passed
</small>
</div>
<div>
<small data-tooltip='80%'><b>4</b> features failed,
<b>0</b> skipped, <b data-tooltip='0%'>0</b> others
</small>
</div>
</div>
</div>
</div>
<div class="col-md-4">
<div class="card">
<div class="card-header">
<h6 class="card-title">Scenarios</h6>
</div>
<div class="card-body">
<div class="">
<canvas id='child-analysis' width='115' height='90'></canvas>
</div>
</div>
<div class="card-footer">
<div><small data-tooltip='35%'><b>7</b> scenarios passed</small></div>
<div>
<small data-tooltip='65%'><b>13</b> scenarios failed,
<b>0</b> skipped, <b data-tooltip='%'>0</b> others
</small>
</div>
</div>
</div>
</div>
<div class="col-md-4">
<div class="card">
<div class="card-header">
<h6 class="card-title">Steps</h6>
</div>
<div class="card-body">
<div class="">
<canvas id='grandchild-analysis' width='115' height='90'></canvas>
</div>
</div>
<div class="card-footer">
<div><small data-tooltip='41%'><b>41</b> steps passed</small></div>
<div>
<small data-tooltip='13%'><b>13</b> steps failed,
<b>44</b> skipped, <b data-tooltip='%'>0</b> others
</small>
</div>
</div>
</div>
</div>
</div>
<div class="row"><div class="col-md-12">
<div class="card"><div class="card-header"><p>Timeline</p></div>
<div class="card-body pt-0"><div>
<canvas id="timeline" height="120"></canvas>
</div></div>
</div>
</div></div>
<script>
var timeline = {
"Display items name and price in bookshelves page":114.228,"Display all headers in any one sub-menu":70.835,"Giftcard validation with inputs":170.299,"Valid Inputs":126.776,"Display BookShelves":50.94
};
</script>
<div class="row">
<div class="col-lg-6 col-md-12 category-container">
<div class="card">
<div class="card-header"><p>Tags</p></div>
<div class="card-body pb-0 pt-0"><table class="table table-sm table-bordered">
<thead><tr class="bg-gray"><th>Name</th><th>Passed</th><th>Failed</th><th>Skipped</th><th>Others</th><th>Passed %</th></tr></thead><tbody>
<tr>
<td>@regression</td>
<td>7</td>
<td>10</td>
<td>0</td>
<td>0</td>
<td>41.176%</td>
</tr>
<tr>
<td>@smoke</td>
<td>0</td>
<td>1</td>
<td>0</td>
<td>0</td>
<td>0%</td>
</tr>
</tbody>
</table></div>
</div>
</div>
</div>
</div>
<script>
var statusGroup = {
parentCount: 5,
passParent: 1,
failParent: 4,
warningParent: 0,
skipParent: 0,
childCount: 5,
passChild: 7,
failChild: 13,
warningChild: 0,
skipChild: 0,
infoChild: 0,
grandChildCount: 5,
passGrandChild: 41,
failGrandChild: 13,
warningGrandChild: 0,
skipGrandChild: 44,
infoGrandChild: 0,
eventsCount: 5,
};
</script>        </div>
      </div>
    </div>
  </div>
<script src="https://cdn.jsdelivr.net/gh/extent-framework/extent-github-cdn@ce8b10435bcbae260c334c0d0c6b61d2c19b6168/spark/js/spark-script.js"></script>
<script type="text/javascript"></script></body>
</html>